<?xml version='1.0' encoding='UTF-8'?>
<testsuite hostname="orion" name="Trivial" tests="1" errors="0" failures="0" skipped="0" time="0.033" timestamp="2020-06-27T15:31:33">
                     <properties>
[...]
</properties>
                     <testcase classname="Trivial" name="Running a trivial test should succeed" time="0.033">
                                                 
                                               </testcase>
                     <system-out><![CDATA[]]></system-out>
                     <system-err><![CDATA[]]></system-err>
                   </testsuite>